make[1]: Entering directory `/home/tim/gitsrc/magic-8.0'
./scripts/mkdirs /usr/local/bin /usr/local/man \
	/usr/local/lib/magic/sys /usr/local/lib/magic/tcl /usr/local/lib/magic/tcl/bitmaps
for dir in windows doc scmos graphics tcltk magic net2ir tcltk; do \
	(cd $dir && make install-tcl); done
make[2]: Entering directory `/home/tim/gitsrc/magic-8.0/windows'
--- installing glyphs to /usr/local/lib/magic/sys
for i in windows7.glyphs windows11.glyphs windows14.glyphs windows22.glyphs  vfont.B.12 vfont.I.12 vfont.R.8; do \
	(cd /usr/local/lib/magic/sys && rm -f $i); \
	cp $i /usr/local/lib/magic/sys; done
make[2]: Leaving directory `/home/tim/gitsrc/magic-8.0/windows'
make[2]: Entering directory `/home/tim/gitsrc/magic-8.0/doc'
cd latexfiles && make install
make[3]: Entering directory `/home/tim/gitsrc/magic-8.0/doc/latexfiles'
../../scripts/mkdirs /usr/local/lib/magic/doc
make[3]: Leaving directory `/home/tim/gitsrc/magic-8.0/doc/latexfiles'
cd man && make install
make[3]: Entering directory `/home/tim/gitsrc/magic-8.0/doc/man'
make[3]: Nothing to be done for `install'.
make[3]: Leaving directory `/home/tim/gitsrc/magic-8.0/doc/man'
cd tutcells && make install
make[3]: Entering directory `/home/tim/gitsrc/magic-8.0/doc/tutcells'
../../scripts/mkdirs /usr/local/lib/magic/tutorial
make[3]: Leaving directory `/home/tim/gitsrc/magic-8.0/doc/tutcells'
cd html && make install
make[3]: Entering directory `/home/tim/gitsrc/magic-8.0/doc/html'
tar cf - . | (cd /usr/local/lib/magic/doc/html; tar xf - )
make[3]: Leaving directory `/home/tim/gitsrc/magic-8.0/doc/html'
make[2]: Leaving directory `/home/tim/gitsrc/magic-8.0/doc'
make[2]: Entering directory `/home/tim/gitsrc/magic-8.0/scmos'
/usr/bin/m4 minimum.tech.m4 > minimum.tech
/usr/bin/m4 gdsquery.tech.m4 > gdsquery.tech
gcc -E -x c -I./extract_template -DV5 -DSTANDARD scmos.tech.in > scmos.tech
gcc -E -x c -I./extract_template -DV5 -DHPTECH -DTIGHTMETAL scmos.tech.in > scmos-tm.tech
gcc -E -x c -I./extract_template -DV5 -DSUBMICRON scmos.tech.in > scmos-sub.tech
gcc -E -x c -I./extract_template -DV5 -DSTANDARD -DWELL_ROUTE_CHECK scmos.tech.in > scmosWR.tech
for i in mos.7bit.dstyle mos.7bit.std.cmap mos.24bit.dstyle mos.24bit.std.cmap mos.7bit.mraster_dstyle mos.7bit.mraster.cmap mos.OpenGL.dstyle mos.OpenGL.std.cmap minimum.tech gdsquery.tech scmos.tech scmos-tm.tech scmos-sub.tech scmosWR.tech; do \
	cp $i /usr/local/lib/magic/sys; done
make[2]: Leaving directory `/home/tim/gitsrc/magic-8.0/scmos'
make[2]: Entering directory `/home/tim/gitsrc/magic-8.0/graphics'
for i in bw.glyphs color.glyphs; do \
rm -f /usr/local/lib/magic/sys/$i; \
cp $i /usr/local/lib/magic/sys; done
for i in FreeSerif.pt3 FreeSans.pt3 FreeMono.pt3; do \
rm -f /usr/local/lib/magic/sys/$i; \
cp $i /usr/local/lib/magic/sys; done
make[2]: Leaving directory `/home/tim/gitsrc/magic-8.0/graphics'
make[2]: Entering directory `/home/tim/gitsrc/magic-8.0/tcltk'
rm -f /usr/local/bin/magic.sh /usr/local/bin/magic
cp magic.sh /usr/local/bin/magic
(cd /usr/local/bin; chmod 0755 magic)
rm -f /usr/local/bin/ext2spice
cp ext2spice.sh /usr/local/bin/ext2spice
(cd /usr/local/bin; chmod 0755 ext2spice)
rm -f /usr/local/bin/ext2sim
cp ext2sim.sh /usr/local/bin/ext2sim
(cd /usr/local/bin; chmod 0755 ext2sim)
rm -f /usr/local/lib/magic/tcl/magicexec
cp magicexec /usr/local/lib/magic/tcl/magicexec
rm -f /usr/local/lib/magic/tcl/magicdnull
cp magicdnull /usr/local/lib/magic/tcl/magicdnull
(cd /usr/local/lib/magic/tcl; rm -f tkcon.tcl tkshell.tcl wrapper.tcl console.tcl techbuilder.tcl cellmgr.tcl texthelper.tcl tools.tcl mazeroute.tcl strip_reflibs.tcl toolkit.tcl magic.tcl)
for i in tkcon.tcl tkshell.tcl wrapper.tcl console.tcl techbuilder.tcl cellmgr.tcl texthelper.tcl tools.tcl mazeroute.tcl strip_reflibs.tcl toolkit.tcl magic.tcl; do \
	cp $i /usr/local/lib/magic/tcl; done
(cd /usr/local/lib/magic/tcl; chmod 0755 tkcon.tcl tkshell.tcl)
make[2]: Leaving directory `/home/tim/gitsrc/magic-8.0/tcltk'
make[2]: Entering directory `/home/tim/gitsrc/magic-8.0/magic'
rm -f /usr/local/lib/magic/tcl/tclmagic.so
cp tclmagic.so /usr/local/lib/magic/tcl/tclmagic.so
rm -f /usr/local/lib/magic/sys/.magicrc
cp proto.magicrc /usr/local/lib/magic/sys/.magicrc
make[2]: Leaving directory `/home/tim/gitsrc/magic-8.0/magic'
make[2]: Entering directory `/home/tim/gitsrc/magic-8.0/net2ir'
echo "Nothing to do here"
Nothing to do here
make[2]: Leaving directory `/home/tim/gitsrc/magic-8.0/net2ir'
make[2]: Entering directory `/home/tim/gitsrc/magic-8.0/tcltk'
rm -f /usr/local/bin/magic.sh /usr/local/bin/magic
cp magic.sh /usr/local/bin/magic
(cd /usr/local/bin; chmod 0755 magic)
rm -f /usr/local/bin/ext2spice
cp ext2spice.sh /usr/local/bin/ext2spice
(cd /usr/local/bin; chmod 0755 ext2spice)
rm -f /usr/local/bin/ext2sim
cp ext2sim.sh /usr/local/bin/ext2sim
(cd /usr/local/bin; chmod 0755 ext2sim)
rm -f /usr/local/lib/magic/tcl/magicexec
cp magicexec /usr/local/lib/magic/tcl/magicexec
rm -f /usr/local/lib/magic/tcl/magicdnull
cp magicdnull /usr/local/lib/magic/tcl/magicdnull
(cd /usr/local/lib/magic/tcl; rm -f tkcon.tcl tkshell.tcl wrapper.tcl console.tcl techbuilder.tcl cellmgr.tcl texthelper.tcl tools.tcl mazeroute.tcl strip_reflibs.tcl toolkit.tcl magic.tcl)
for i in tkcon.tcl tkshell.tcl wrapper.tcl console.tcl techbuilder.tcl cellmgr.tcl texthelper.tcl tools.tcl mazeroute.tcl strip_reflibs.tcl toolkit.tcl magic.tcl; do \
	cp $i /usr/local/lib/magic/tcl; done
(cd /usr/local/lib/magic/tcl; chmod 0755 tkcon.tcl tkshell.tcl)
make[2]: Leaving directory `/home/tim/gitsrc/magic-8.0/tcltk'
make[1]: Leaving directory `/home/tim/gitsrc/magic-8.0'
make[1]: Entering directory `/home/tim/gitsrc/magic-8.0'
./scripts/mkdirs /usr/local/bin /usr/local/man \
	/usr/local/lib/magic/sys /usr/local/lib/magic/tcl /usr/local/lib/magic/tcl/bitmaps
for dir in windows doc scmos graphics tcltk magic net2ir tcltk; do \
	(cd $dir && make install-tcl); done
make[2]: Entering directory `/home/tim/gitsrc/magic-8.0/windows'
--- installing glyphs to /usr/local/lib/magic/sys
for i in windows7.glyphs windows11.glyphs windows14.glyphs windows22.glyphs  vfont.B.12 vfont.I.12 vfont.R.8; do \
	(cd /usr/local/lib/magic/sys && rm -f $i); \
	cp $i /usr/local/lib/magic/sys; done
make[2]: Leaving directory `/home/tim/gitsrc/magic-8.0/windows'
make[2]: Entering directory `/home/tim/gitsrc/magic-8.0/doc'
cd latexfiles && make install
make[3]: Entering directory `/home/tim/gitsrc/magic-8.0/doc/latexfiles'
../../scripts/mkdirs /usr/local/lib/magic/doc
make[3]: Leaving directory `/home/tim/gitsrc/magic-8.0/doc/latexfiles'
cd man && make install
make[3]: Entering directory `/home/tim/gitsrc/magic-8.0/doc/man'
make[3]: Nothing to be done for `install'.
make[3]: Leaving directory `/home/tim/gitsrc/magic-8.0/doc/man'
cd tutcells && make install
make[3]: Entering directory `/home/tim/gitsrc/magic-8.0/doc/tutcells'
../../scripts/mkdirs /usr/local/lib/magic/tutorial
make[3]: Leaving directory `/home/tim/gitsrc/magic-8.0/doc/tutcells'
cd html && make install
make[3]: Entering directory `/home/tim/gitsrc/magic-8.0/doc/html'
tar cf - . | (cd /usr/local/lib/magic/doc/html; tar xf - )
make[3]: Leaving directory `/home/tim/gitsrc/magic-8.0/doc/html'
make[2]: Leaving directory `/home/tim/gitsrc/magic-8.0/doc'
make[2]: Entering directory `/home/tim/gitsrc/magic-8.0/scmos'
for i in mos.7bit.dstyle mos.7bit.std.cmap mos.24bit.dstyle mos.24bit.std.cmap mos.7bit.mraster_dstyle mos.7bit.mraster.cmap mos.OpenGL.dstyle mos.OpenGL.std.cmap minimum.tech gdsquery.tech scmos.tech scmos-tm.tech scmos-sub.tech scmosWR.tech; do \
	cp $i /usr/local/lib/magic/sys; done
make[2]: Leaving directory `/home/tim/gitsrc/magic-8.0/scmos'
make[2]: Entering directory `/home/tim/gitsrc/magic-8.0/graphics'
for i in bw.glyphs color.glyphs; do \
rm -f /usr/local/lib/magic/sys/$i; \
cp $i /usr/local/lib/magic/sys; done
for i in FreeSerif.pt3 FreeSans.pt3 FreeMono.pt3; do \
rm -f /usr/local/lib/magic/sys/$i; \
cp $i /usr/local/lib/magic/sys; done
make[2]: Leaving directory `/home/tim/gitsrc/magic-8.0/graphics'
make[2]: Entering directory `/home/tim/gitsrc/magic-8.0/tcltk'
rm -f /usr/local/bin/magic.sh /usr/local/bin/magic
cp magic.sh /usr/local/bin/magic
(cd /usr/local/bin; chmod 0755 magic)
rm -f /usr/local/bin/ext2spice
cp ext2spice.sh /usr/local/bin/ext2spice
(cd /usr/local/bin; chmod 0755 ext2spice)
rm -f /usr/local/bin/ext2sim
cp ext2sim.sh /usr/local/bin/ext2sim
(cd /usr/local/bin; chmod 0755 ext2sim)
rm -f /usr/local/lib/magic/tcl/magicexec
cp magicexec /usr/local/lib/magic/tcl/magicexec
rm -f /usr/local/lib/magic/tcl/magicdnull
cp magicdnull /usr/local/lib/magic/tcl/magicdnull
(cd /usr/local/lib/magic/tcl; rm -f tkcon.tcl tkshell.tcl wrapper.tcl console.tcl techbuilder.tcl cellmgr.tcl texthelper.tcl tools.tcl mazeroute.tcl strip_reflibs.tcl toolkit.tcl magic.tcl)
for i in tkcon.tcl tkshell.tcl wrapper.tcl console.tcl techbuilder.tcl cellmgr.tcl texthelper.tcl tools.tcl mazeroute.tcl strip_reflibs.tcl toolkit.tcl magic.tcl; do \
	cp $i /usr/local/lib/magic/tcl; done
(cd /usr/local/lib/magic/tcl; chmod 0755 tkcon.tcl tkshell.tcl)
make[2]: Leaving directory `/home/tim/gitsrc/magic-8.0/tcltk'
make[2]: Entering directory `/home/tim/gitsrc/magic-8.0/magic'
rm -f /usr/local/lib/magic/tcl/tclmagic.so
cp tclmagic.so /usr/local/lib/magic/tcl/tclmagic.so
make[2]: Leaving directory `/home/tim/gitsrc/magic-8.0/magic'
make[2]: Entering directory `/home/tim/gitsrc/magic-8.0/net2ir'
echo "Nothing to do here"
Nothing to do here
make[2]: Leaving directory `/home/tim/gitsrc/magic-8.0/net2ir'
make[2]: Entering directory `/home/tim/gitsrc/magic-8.0/tcltk'
rm -f /usr/local/bin/magic.sh /usr/local/bin/magic
cp magic.sh /usr/local/bin/magic
(cd /usr/local/bin; chmod 0755 magic)
rm -f /usr/local/bin/ext2spice
cp ext2spice.sh /usr/local/bin/ext2spice
(cd /usr/local/bin; chmod 0755 ext2spice)
rm -f /usr/local/bin/ext2sim
cp ext2sim.sh /usr/local/bin/ext2sim
(cd /usr/local/bin; chmod 0755 ext2sim)
rm -f /usr/local/lib/magic/tcl/magicexec
cp magicexec /usr/local/lib/magic/tcl/magicexec
rm -f /usr/local/lib/magic/tcl/magicdnull
cp magicdnull /usr/local/lib/magic/tcl/magicdnull
(cd /usr/local/lib/magic/tcl; rm -f tkcon.tcl tkshell.tcl wrapper.tcl console.tcl techbuilder.tcl cellmgr.tcl texthelper.tcl tools.tcl mazeroute.tcl strip_reflibs.tcl toolkit.tcl magic.tcl)
for i in tkcon.tcl tkshell.tcl wrapper.tcl console.tcl techbuilder.tcl cellmgr.tcl texthelper.tcl tools.tcl mazeroute.tcl strip_reflibs.tcl toolkit.tcl magic.tcl; do \
	cp $i /usr/local/lib/magic/tcl; done
(cd /usr/local/lib/magic/tcl; chmod 0755 tkcon.tcl tkshell.tcl)
make[2]: Leaving directory `/home/tim/gitsrc/magic-8.0/tcltk'
make[1]: Leaving directory `/home/tim/gitsrc/magic-8.0'
make[1]: Entering directory `/home/tim/gitsrc/magic-8.0'
./scripts/mkdirs /usr/local/bin /usr/local/man \
	/usr/local/lib/magic/sys /usr/local/lib/magic/tcl /usr/local/lib/magic/tcl/bitmaps
for dir in windows doc scmos graphics tcltk magic net2ir tcltk; do \
	(cd $dir && make install-tcl); done
make[2]: Entering directory `/home/tim/gitsrc/magic-8.0/windows'
--- installing glyphs to /usr/local/lib/magic/sys
for i in windows7.glyphs windows11.glyphs windows14.glyphs windows22.glyphs  vfont.B.12 vfont.I.12 vfont.R.8; do \
	(cd /usr/local/lib/magic/sys && rm -f $i); \
	cp $i /usr/local/lib/magic/sys; done
make[2]: Leaving directory `/home/tim/gitsrc/magic-8.0/windows'
make[2]: Entering directory `/home/tim/gitsrc/magic-8.0/doc'
cd latexfiles && make install
make[3]: Entering directory `/home/tim/gitsrc/magic-8.0/doc/latexfiles'
../../scripts/mkdirs /usr/local/lib/magic/doc
make[3]: Leaving directory `/home/tim/gitsrc/magic-8.0/doc/latexfiles'
cd man && make install
make[3]: Entering directory `/home/tim/gitsrc/magic-8.0/doc/man'
make[3]: Nothing to be done for `install'.
make[3]: Leaving directory `/home/tim/gitsrc/magic-8.0/doc/man'
cd tutcells && make install
make[3]: Entering directory `/home/tim/gitsrc/magic-8.0/doc/tutcells'
../../scripts/mkdirs /usr/local/lib/magic/tutorial
make[3]: Leaving directory `/home/tim/gitsrc/magic-8.0/doc/tutcells'
cd html && make install
make[3]: Entering directory `/home/tim/gitsrc/magic-8.0/doc/html'
tar cf - . | (cd /usr/local/lib/magic/doc/html; tar xf - )
make[3]: Leaving directory `/home/tim/gitsrc/magic-8.0/doc/html'
make[2]: Leaving directory `/home/tim/gitsrc/magic-8.0/doc'
make[2]: Entering directory `/home/tim/gitsrc/magic-8.0/scmos'
for i in mos.7bit.dstyle mos.7bit.std.cmap mos.24bit.dstyle mos.24bit.std.cmap mos.7bit.mraster_dstyle mos.7bit.mraster.cmap mos.OpenGL.dstyle mos.OpenGL.std.cmap minimum.tech gdsquery.tech scmos.tech scmos-tm.tech scmos-sub.tech scmosWR.tech; do \
	cp $i /usr/local/lib/magic/sys; done
make[2]: Leaving directory `/home/tim/gitsrc/magic-8.0/scmos'
make[2]: Entering directory `/home/tim/gitsrc/magic-8.0/graphics'
for i in bw.glyphs color.glyphs; do \
rm -f /usr/local/lib/magic/sys/$i; \
cp $i /usr/local/lib/magic/sys; done
for i in FreeSerif.pt3 FreeSans.pt3 FreeMono.pt3; do \
rm -f /usr/local/lib/magic/sys/$i; \
cp $i /usr/local/lib/magic/sys; done
make[2]: Leaving directory `/home/tim/gitsrc/magic-8.0/graphics'
make[2]: Entering directory `/home/tim/gitsrc/magic-8.0/tcltk'
rm -f /usr/local/bin/magic.sh /usr/local/bin/magic
cp magic.sh /usr/local/bin/magic
(cd /usr/local/bin; chmod 0755 magic)
rm -f /usr/local/bin/ext2spice
cp ext2spice.sh /usr/local/bin/ext2spice
(cd /usr/local/bin; chmod 0755 ext2spice)
rm -f /usr/local/bin/ext2sim
cp ext2sim.sh /usr/local/bin/ext2sim
(cd /usr/local/bin; chmod 0755 ext2sim)
rm -f /usr/local/lib/magic/tcl/magicexec
cp magicexec /usr/local/lib/magic/tcl/magicexec
rm -f /usr/local/lib/magic/tcl/magicdnull
cp magicdnull /usr/local/lib/magic/tcl/magicdnull
(cd /usr/local/lib/magic/tcl; rm -f tkcon.tcl tkshell.tcl wrapper.tcl console.tcl techbuilder.tcl cellmgr.tcl texthelper.tcl tools.tcl mazeroute.tcl strip_reflibs.tcl toolkit.tcl magic.tcl)
for i in tkcon.tcl tkshell.tcl wrapper.tcl console.tcl techbuilder.tcl cellmgr.tcl texthelper.tcl tools.tcl mazeroute.tcl strip_reflibs.tcl toolkit.tcl magic.tcl; do \
	cp $i /usr/local/lib/magic/tcl; done
(cd /usr/local/lib/magic/tcl; chmod 0755 tkcon.tcl tkshell.tcl)
make[2]: Leaving directory `/home/tim/gitsrc/magic-8.0/tcltk'
make[2]: Entering directory `/home/tim/gitsrc/magic-8.0/magic'
rm -f /usr/local/lib/magic/tcl/tclmagic.so
cp tclmagic.so /usr/local/lib/magic/tcl/tclmagic.so
make[2]: Leaving directory `/home/tim/gitsrc/magic-8.0/magic'
make[2]: Entering directory `/home/tim/gitsrc/magic-8.0/net2ir'
echo "Nothing to do here"
Nothing to do here
make[2]: Leaving directory `/home/tim/gitsrc/magic-8.0/net2ir'
make[2]: Entering directory `/home/tim/gitsrc/magic-8.0/tcltk'
rm -f /usr/local/bin/magic.sh /usr/local/bin/magic
cp magic.sh /usr/local/bin/magic
(cd /usr/local/bin; chmod 0755 magic)
rm -f /usr/local/bin/ext2spice
cp ext2spice.sh /usr/local/bin/ext2spice
(cd /usr/local/bin; chmod 0755 ext2spice)
rm -f /usr/local/bin/ext2sim
cp ext2sim.sh /usr/local/bin/ext2sim
(cd /usr/local/bin; chmod 0755 ext2sim)
rm -f /usr/local/lib/magic/tcl/magicexec
cp magicexec /usr/local/lib/magic/tcl/magicexec
rm -f /usr/local/lib/magic/tcl/magicdnull
cp magicdnull /usr/local/lib/magic/tcl/magicdnull
(cd /usr/local/lib/magic/tcl; rm -f tkcon.tcl tkshell.tcl wrapper.tcl console.tcl techbuilder.tcl cellmgr.tcl texthelper.tcl tools.tcl mazeroute.tcl strip_reflibs.tcl toolkit.tcl magic.tcl)
for i in tkcon.tcl tkshell.tcl wrapper.tcl console.tcl techbuilder.tcl cellmgr.tcl texthelper.tcl tools.tcl mazeroute.tcl strip_reflibs.tcl toolkit.tcl magic.tcl; do \
	cp $i /usr/local/lib/magic/tcl; done
(cd /usr/local/lib/magic/tcl; chmod 0755 tkcon.tcl tkshell.tcl)
make[2]: Leaving directory `/home/tim/gitsrc/magic-8.0/tcltk'
make[1]: Leaving directory `/home/tim/gitsrc/magic-8.0'
make[1]: Entering directory `/home/tim/gitsrc/magic-8.0'
./scripts/mkdirs /usr/local/bin /usr/local/man \
	/usr/local/lib/magic/sys /usr/local/lib/magic/tcl /usr/local/lib/magic/tcl/bitmaps
for dir in windows doc scmos graphics tcltk magic net2ir tcltk; do \
	(cd $dir && make install-tcl); done
make[2]: Entering directory `/home/tim/gitsrc/magic-8.0/windows'
--- installing glyphs to /usr/local/lib/magic/sys
for i in windows7.glyphs windows11.glyphs windows14.glyphs windows22.glyphs  vfont.B.12 vfont.I.12 vfont.R.8; do \
	(cd /usr/local/lib/magic/sys && rm -f $i); \
	cp $i /usr/local/lib/magic/sys; done
make[2]: Leaving directory `/home/tim/gitsrc/magic-8.0/windows'
make[2]: Entering directory `/home/tim/gitsrc/magic-8.0/doc'
cd latexfiles && make install
make[3]: Entering directory `/home/tim/gitsrc/magic-8.0/doc/latexfiles'
../../scripts/mkdirs /usr/local/lib/magic/doc
make[3]: Leaving directory `/home/tim/gitsrc/magic-8.0/doc/latexfiles'
cd man && make install
make[3]: Entering directory `/home/tim/gitsrc/magic-8.0/doc/man'
make[3]: Nothing to be done for `install'.
make[3]: Leaving directory `/home/tim/gitsrc/magic-8.0/doc/man'
cd tutcells && make install
make[3]: Entering directory `/home/tim/gitsrc/magic-8.0/doc/tutcells'
../../scripts/mkdirs /usr/local/lib/magic/tutorial
make[3]: Leaving directory `/home/tim/gitsrc/magic-8.0/doc/tutcells'
cd html && make install
make[3]: Entering directory `/home/tim/gitsrc/magic-8.0/doc/html'
tar cf - . | (cd /usr/local/lib/magic/doc/html; tar xf - )
make[3]: Leaving directory `/home/tim/gitsrc/magic-8.0/doc/html'
make[2]: Leaving directory `/home/tim/gitsrc/magic-8.0/doc'
make[2]: Entering directory `/home/tim/gitsrc/magic-8.0/scmos'
for i in mos.7bit.dstyle mos.7bit.std.cmap mos.24bit.dstyle mos.24bit.std.cmap mos.7bit.mraster_dstyle mos.7bit.mraster.cmap mos.OpenGL.dstyle mos.OpenGL.std.cmap minimum.tech gdsquery.tech scmos.tech scmos-tm.tech scmos-sub.tech scmosWR.tech; do \
	cp $i /usr/local/lib/magic/sys; done
make[2]: Leaving directory `/home/tim/gitsrc/magic-8.0/scmos'
make[2]: Entering directory `/home/tim/gitsrc/magic-8.0/graphics'
for i in bw.glyphs color.glyphs; do \
rm -f /usr/local/lib/magic/sys/$i; \
cp $i /usr/local/lib/magic/sys; done
for i in FreeSerif.pt3 FreeSans.pt3 FreeMono.pt3; do \
rm -f /usr/local/lib/magic/sys/$i; \
cp $i /usr/local/lib/magic/sys; done
make[2]: Leaving directory `/home/tim/gitsrc/magic-8.0/graphics'
make[2]: Entering directory `/home/tim/gitsrc/magic-8.0/tcltk'
rm -f /usr/local/bin/magic.sh /usr/local/bin/magic
cp magic.sh /usr/local/bin/magic
(cd /usr/local/bin; chmod 0755 magic)
rm -f /usr/local/bin/ext2spice
cp ext2spice.sh /usr/local/bin/ext2spice
(cd /usr/local/bin; chmod 0755 ext2spice)
rm -f /usr/local/bin/ext2sim
cp ext2sim.sh /usr/local/bin/ext2sim
(cd /usr/local/bin; chmod 0755 ext2sim)
rm -f /usr/local/lib/magic/tcl/magicexec
cp magicexec /usr/local/lib/magic/tcl/magicexec
rm -f /usr/local/lib/magic/tcl/magicdnull
cp magicdnull /usr/local/lib/magic/tcl/magicdnull
(cd /usr/local/lib/magic/tcl; rm -f tkcon.tcl tkshell.tcl wrapper.tcl console.tcl techbuilder.tcl cellmgr.tcl texthelper.tcl tools.tcl mazeroute.tcl strip_reflibs.tcl toolkit.tcl magic.tcl)
for i in tkcon.tcl tkshell.tcl wrapper.tcl console.tcl techbuilder.tcl cellmgr.tcl texthelper.tcl tools.tcl mazeroute.tcl strip_reflibs.tcl toolkit.tcl magic.tcl; do \
	cp $i /usr/local/lib/magic/tcl; done
(cd /usr/local/lib/magic/tcl; chmod 0755 tkcon.tcl tkshell.tcl)
make[2]: Leaving directory `/home/tim/gitsrc/magic-8.0/tcltk'
make[2]: Entering directory `/home/tim/gitsrc/magic-8.0/magic'
rm -f /usr/local/lib/magic/tcl/tclmagic.so
cp tclmagic.so /usr/local/lib/magic/tcl/tclmagic.so
make[2]: Leaving directory `/home/tim/gitsrc/magic-8.0/magic'
make[2]: Entering directory `/home/tim/gitsrc/magic-8.0/net2ir'
echo "Nothing to do here"
Nothing to do here
make[2]: Leaving directory `/home/tim/gitsrc/magic-8.0/net2ir'
make[2]: Entering directory `/home/tim/gitsrc/magic-8.0/tcltk'
rm -f /usr/local/bin/magic.sh /usr/local/bin/magic
cp magic.sh /usr/local/bin/magic
(cd /usr/local/bin; chmod 0755 magic)
rm -f /usr/local/bin/ext2spice
cp ext2spice.sh /usr/local/bin/ext2spice
(cd /usr/local/bin; chmod 0755 ext2spice)
rm -f /usr/local/bin/ext2sim
cp ext2sim.sh /usr/local/bin/ext2sim
(cd /usr/local/bin; chmod 0755 ext2sim)
rm -f /usr/local/lib/magic/tcl/magicexec
cp magicexec /usr/local/lib/magic/tcl/magicexec
rm -f /usr/local/lib/magic/tcl/magicdnull
cp magicdnull /usr/local/lib/magic/tcl/magicdnull
(cd /usr/local/lib/magic/tcl; rm -f tkcon.tcl tkshell.tcl wrapper.tcl console.tcl techbuilder.tcl cellmgr.tcl texthelper.tcl tools.tcl mazeroute.tcl strip_reflibs.tcl toolkit.tcl magic.tcl)
for i in tkcon.tcl tkshell.tcl wrapper.tcl console.tcl techbuilder.tcl cellmgr.tcl texthelper.tcl tools.tcl mazeroute.tcl strip_reflibs.tcl toolkit.tcl magic.tcl; do \
	cp $i /usr/local/lib/magic/tcl; done
(cd /usr/local/lib/magic/tcl; chmod 0755 tkcon.tcl tkshell.tcl)
make[2]: Leaving directory `/home/tim/gitsrc/magic-8.0/tcltk'
make[1]: Leaving directory `/home/tim/gitsrc/magic-8.0'
make[1]: Entering directory `/home/tim/gitsrc/magic-8.0'
./scripts/mkdirs /usr/local/bin /usr/local/man \
	/usr/local/lib/magic/sys /usr/local/lib/magic/tcl /usr/local/lib/magic/tcl/bitmaps
for dir in windows doc scmos graphics tcltk magic net2ir tcltk; do \
	(cd $dir && make install-tcl); done
make[2]: Entering directory `/home/tim/gitsrc/magic-8.0/windows'
--- installing glyphs to /usr/local/lib/magic/sys
for i in windows7.glyphs windows11.glyphs windows14.glyphs windows22.glyphs  vfont.B.12 vfont.I.12 vfont.R.8; do \
	(cd /usr/local/lib/magic/sys && rm -f $i); \
	cp $i /usr/local/lib/magic/sys; done
make[2]: Leaving directory `/home/tim/gitsrc/magic-8.0/windows'
make[2]: Entering directory `/home/tim/gitsrc/magic-8.0/doc'
cd latexfiles && make install
make[3]: Entering directory `/home/tim/gitsrc/magic-8.0/doc/latexfiles'
../../scripts/mkdirs /usr/local/lib/magic/doc
make[3]: Leaving directory `/home/tim/gitsrc/magic-8.0/doc/latexfiles'
cd man && make install
make[3]: Entering directory `/home/tim/gitsrc/magic-8.0/doc/man'
make[3]: Nothing to be done for `install'.
make[3]: Leaving directory `/home/tim/gitsrc/magic-8.0/doc/man'
cd tutcells && make install
make[3]: Entering directory `/home/tim/gitsrc/magic-8.0/doc/tutcells'
../../scripts/mkdirs /usr/local/lib/magic/tutorial
make[3]: Leaving directory `/home/tim/gitsrc/magic-8.0/doc/tutcells'
cd html && make install
make[3]: Entering directory `/home/tim/gitsrc/magic-8.0/doc/html'
tar cf - . | (cd /usr/local/lib/magic/doc/html; tar xf - )
make[3]: Leaving directory `/home/tim/gitsrc/magic-8.0/doc/html'
make[2]: Leaving directory `/home/tim/gitsrc/magic-8.0/doc'
make[2]: Entering directory `/home/tim/gitsrc/magic-8.0/scmos'
for i in mos.7bit.dstyle mos.7bit.std.cmap mos.24bit.dstyle mos.24bit.std.cmap mos.7bit.mraster_dstyle mos.7bit.mraster.cmap mos.OpenGL.dstyle mos.OpenGL.std.cmap minimum.tech gdsquery.tech scmos.tech scmos-tm.tech scmos-sub.tech scmosWR.tech; do \
	cp $i /usr/local/lib/magic/sys; done
make[2]: Leaving directory `/home/tim/gitsrc/magic-8.0/scmos'
make[2]: Entering directory `/home/tim/gitsrc/magic-8.0/graphics'
for i in bw.glyphs color.glyphs; do \
rm -f /usr/local/lib/magic/sys/$i; \
cp $i /usr/local/lib/magic/sys; done
for i in FreeSerif.pt3 FreeSans.pt3 FreeMono.pt3; do \
rm -f /usr/local/lib/magic/sys/$i; \
cp $i /usr/local/lib/magic/sys; done
make[2]: Leaving directory `/home/tim/gitsrc/magic-8.0/graphics'
make[2]: Entering directory `/home/tim/gitsrc/magic-8.0/tcltk'
rm -f /usr/local/bin/magic.sh /usr/local/bin/magic
cp magic.sh /usr/local/bin/magic
(cd /usr/local/bin; chmod 0755 magic)
rm -f /usr/local/bin/ext2spice
cp ext2spice.sh /usr/local/bin/ext2spice
(cd /usr/local/bin; chmod 0755 ext2spice)
rm -f /usr/local/bin/ext2sim
cp ext2sim.sh /usr/local/bin/ext2sim
(cd /usr/local/bin; chmod 0755 ext2sim)
rm -f /usr/local/lib/magic/tcl/magicexec
cp magicexec /usr/local/lib/magic/tcl/magicexec
rm -f /usr/local/lib/magic/tcl/magicdnull
cp magicdnull /usr/local/lib/magic/tcl/magicdnull
(cd /usr/local/lib/magic/tcl; rm -f tkcon.tcl tkshell.tcl wrapper.tcl console.tcl techbuilder.tcl cellmgr.tcl texthelper.tcl tools.tcl mazeroute.tcl strip_reflibs.tcl toolkit.tcl magic.tcl)
for i in tkcon.tcl tkshell.tcl wrapper.tcl console.tcl techbuilder.tcl cellmgr.tcl texthelper.tcl tools.tcl mazeroute.tcl strip_reflibs.tcl toolkit.tcl magic.tcl; do \
	cp $i /usr/local/lib/magic/tcl; done
(cd /usr/local/lib/magic/tcl; chmod 0755 tkcon.tcl tkshell.tcl)
make[2]: Leaving directory `/home/tim/gitsrc/magic-8.0/tcltk'
make[2]: Entering directory `/home/tim/gitsrc/magic-8.0/magic'
rm -f /usr/local/lib/magic/tcl/tclmagic.so
cp tclmagic.so /usr/local/lib/magic/tcl/tclmagic.so
make[2]: Leaving directory `/home/tim/gitsrc/magic-8.0/magic'
make[2]: Entering directory `/home/tim/gitsrc/magic-8.0/net2ir'
echo "Nothing to do here"
Nothing to do here
make[2]: Leaving directory `/home/tim/gitsrc/magic-8.0/net2ir'
make[2]: Entering directory `/home/tim/gitsrc/magic-8.0/tcltk'
rm -f /usr/local/bin/magic.sh /usr/local/bin/magic
cp magic.sh /usr/local/bin/magic
(cd /usr/local/bin; chmod 0755 magic)
rm -f /usr/local/bin/ext2spice
cp ext2spice.sh /usr/local/bin/ext2spice
(cd /usr/local/bin; chmod 0755 ext2spice)
rm -f /usr/local/bin/ext2sim
cp ext2sim.sh /usr/local/bin/ext2sim
(cd /usr/local/bin; chmod 0755 ext2sim)
rm -f /usr/local/lib/magic/tcl/magicexec
cp magicexec /usr/local/lib/magic/tcl/magicexec
rm -f /usr/local/lib/magic/tcl/magicdnull
cp magicdnull /usr/local/lib/magic/tcl/magicdnull
(cd /usr/local/lib/magic/tcl; rm -f tkcon.tcl tkshell.tcl wrapper.tcl console.tcl techbuilder.tcl cellmgr.tcl texthelper.tcl tools.tcl mazeroute.tcl strip_reflibs.tcl toolkit.tcl magic.tcl)
for i in tkcon.tcl tkshell.tcl wrapper.tcl console.tcl techbuilder.tcl cellmgr.tcl texthelper.tcl tools.tcl mazeroute.tcl strip_reflibs.tcl toolkit.tcl magic.tcl; do \
	cp $i /usr/local/lib/magic/tcl; done
(cd /usr/local/lib/magic/tcl; chmod 0755 tkcon.tcl tkshell.tcl)
make[2]: Leaving directory `/home/tim/gitsrc/magic-8.0/tcltk'
make[1]: Leaving directory `/home/tim/gitsrc/magic-8.0'
make[1]: Entering directory `/home/tim/gitsrc/magic-8.0'
./scripts/mkdirs /usr/local/bin /usr/local/man \
	/usr/local/lib/magic/sys /usr/local/lib/magic/tcl /usr/local/lib/magic/tcl/bitmaps
for dir in windows doc scmos graphics tcltk magic net2ir tcltk; do \
	(cd $dir && make install-tcl); done
make[2]: Entering directory `/home/tim/gitsrc/magic-8.0/windows'
--- installing glyphs to /usr/local/lib/magic/sys
for i in windows7.glyphs windows11.glyphs windows14.glyphs windows22.glyphs  vfont.B.12 vfont.I.12 vfont.R.8; do \
	(cd /usr/local/lib/magic/sys && rm -f $i); \
	cp $i /usr/local/lib/magic/sys; done
make[2]: Leaving directory `/home/tim/gitsrc/magic-8.0/windows'
make[2]: Entering directory `/home/tim/gitsrc/magic-8.0/doc'
cd latexfiles && make install
make[3]: Entering directory `/home/tim/gitsrc/magic-8.0/doc/latexfiles'
../../scripts/mkdirs /usr/local/lib/magic/doc
make[3]: Leaving directory `/home/tim/gitsrc/magic-8.0/doc/latexfiles'
cd man && make install
make[3]: Entering directory `/home/tim/gitsrc/magic-8.0/doc/man'
make[3]: Nothing to be done for `install'.
make[3]: Leaving directory `/home/tim/gitsrc/magic-8.0/doc/man'
cd tutcells && make install
make[3]: Entering directory `/home/tim/gitsrc/magic-8.0/doc/tutcells'
../../scripts/mkdirs /usr/local/lib/magic/tutorial
make[3]: Leaving directory `/home/tim/gitsrc/magic-8.0/doc/tutcells'
cd html && make install
make[3]: Entering directory `/home/tim/gitsrc/magic-8.0/doc/html'
tar cf - . | (cd /usr/local/lib/magic/doc/html; tar xf - )
make[3]: Leaving directory `/home/tim/gitsrc/magic-8.0/doc/html'
make[2]: Leaving directory `/home/tim/gitsrc/magic-8.0/doc'
make[2]: Entering directory `/home/tim/gitsrc/magic-8.0/scmos'
for i in mos.7bit.dstyle mos.7bit.std.cmap mos.24bit.dstyle mos.24bit.std.cmap mos.7bit.mraster_dstyle mos.7bit.mraster.cmap mos.OpenGL.dstyle mos.OpenGL.std.cmap minimum.tech gdsquery.tech scmos.tech scmos-tm.tech scmos-sub.tech scmosWR.tech; do \
	cp $i /usr/local/lib/magic/sys; done
make[2]: Leaving directory `/home/tim/gitsrc/magic-8.0/scmos'
make[2]: Entering directory `/home/tim/gitsrc/magic-8.0/graphics'
for i in bw.glyphs color.glyphs; do \
rm -f /usr/local/lib/magic/sys/$i; \
cp $i /usr/local/lib/magic/sys; done
for i in FreeSerif.pt3 FreeSans.pt3 FreeMono.pt3; do \
rm -f /usr/local/lib/magic/sys/$i; \
cp $i /usr/local/lib/magic/sys; done
make[2]: Leaving directory `/home/tim/gitsrc/magic-8.0/graphics'
make[2]: Entering directory `/home/tim/gitsrc/magic-8.0/tcltk'
rm -f /usr/local/bin/magic.sh /usr/local/bin/magic
cp magic.sh /usr/local/bin/magic
(cd /usr/local/bin; chmod 0755 magic)
rm -f /usr/local/bin/ext2spice
cp ext2spice.sh /usr/local/bin/ext2spice
(cd /usr/local/bin; chmod 0755 ext2spice)
rm -f /usr/local/bin/ext2sim
cp ext2sim.sh /usr/local/bin/ext2sim
(cd /usr/local/bin; chmod 0755 ext2sim)
rm -f /usr/local/lib/magic/tcl/magicexec
cp magicexec /usr/local/lib/magic/tcl/magicexec
rm -f /usr/local/lib/magic/tcl/magicdnull
cp magicdnull /usr/local/lib/magic/tcl/magicdnull
(cd /usr/local/lib/magic/tcl; rm -f tkcon.tcl tkshell.tcl wrapper.tcl console.tcl techbuilder.tcl cellmgr.tcl texthelper.tcl tools.tcl mazeroute.tcl strip_reflibs.tcl toolkit.tcl magic.tcl)
for i in tkcon.tcl tkshell.tcl wrapper.tcl console.tcl techbuilder.tcl cellmgr.tcl texthelper.tcl tools.tcl mazeroute.tcl strip_reflibs.tcl toolkit.tcl magic.tcl; do \
	cp $i /usr/local/lib/magic/tcl; done
(cd /usr/local/lib/magic/tcl; chmod 0755 tkcon.tcl tkshell.tcl)
make[2]: Leaving directory `/home/tim/gitsrc/magic-8.0/tcltk'
make[2]: Entering directory `/home/tim/gitsrc/magic-8.0/magic'
rm -f /usr/local/lib/magic/tcl/tclmagic.so
cp tclmagic.so /usr/local/lib/magic/tcl/tclmagic.so
make[2]: Leaving directory `/home/tim/gitsrc/magic-8.0/magic'
make[2]: Entering directory `/home/tim/gitsrc/magic-8.0/net2ir'
echo "Nothing to do here"
Nothing to do here
make[2]: Leaving directory `/home/tim/gitsrc/magic-8.0/net2ir'
make[2]: Entering directory `/home/tim/gitsrc/magic-8.0/tcltk'
rm -f /usr/local/bin/magic.sh /usr/local/bin/magic
cp magic.sh /usr/local/bin/magic
(cd /usr/local/bin; chmod 0755 magic)
rm -f /usr/local/bin/ext2spice
cp ext2spice.sh /usr/local/bin/ext2spice
(cd /usr/local/bin; chmod 0755 ext2spice)
rm -f /usr/local/bin/ext2sim
cp ext2sim.sh /usr/local/bin/ext2sim
(cd /usr/local/bin; chmod 0755 ext2sim)
rm -f /usr/local/lib/magic/tcl/magicexec
cp magicexec /usr/local/lib/magic/tcl/magicexec
rm -f /usr/local/lib/magic/tcl/magicdnull
cp magicdnull /usr/local/lib/magic/tcl/magicdnull
(cd /usr/local/lib/magic/tcl; rm -f tkcon.tcl tkshell.tcl wrapper.tcl console.tcl techbuilder.tcl cellmgr.tcl texthelper.tcl tools.tcl mazeroute.tcl strip_reflibs.tcl toolkit.tcl magic.tcl)
for i in tkcon.tcl tkshell.tcl wrapper.tcl console.tcl techbuilder.tcl cellmgr.tcl texthelper.tcl tools.tcl mazeroute.tcl strip_reflibs.tcl toolkit.tcl magic.tcl; do \
	cp $i /usr/local/lib/magic/tcl; done
(cd /usr/local/lib/magic/tcl; chmod 0755 tkcon.tcl tkshell.tcl)
make[2]: Leaving directory `/home/tim/gitsrc/magic-8.0/tcltk'
make[1]: Leaving directory `/home/tim/gitsrc/magic-8.0'
