make[1]: Entering directory `/home/tim/gitsrc/magic-8.0'
--- making header file database/database.h
./scripts/makedbh database/database.h.in database/database.h
--- making modules
for dir in cmwind commands database dbwind debug drc extflat extract graphics netmenu plow resis select sim textio tiles utils windows wiring calma cif plot lef garouter grouter irouter mzrouter router gcr tcltk magic net2ir ext2sim ext2spice tcltk; do \
	(cd $dir && make module); done
make[2]: Entering directory `/home/tim/gitsrc/magic-8.0/cmwind'
../rules.mak:60: Depend: No such file or directory
gcc -g -O2 -m64 -fPIC -Wimplicit-int -fPIC  -I/usr/local/include -I. -I..  -DCAD_DIR=\"/usr/local/lib\" -DBIN_DIR=\"/usr/local/bin\" -DTCL_DIR=\"/usr/local/lib/magic/tcl\" -DPACKAGE_NAME=\"\" -DPACKAGE_TARNAME=\"\" -DPACKAGE_VERSION=\"\" -DPACKAGE_STRING=\"\" -DPACKAGE_BUGREPORT=\"\" -DMAGIC_VERSION=\"8.0\" -DMAGIC_REVISION=\"96\" -DSTDC_HEADERS=1 -DHAVE_SYS_TYPES_H=1 -DHAVE_SYS_STAT_H=1 -DHAVE_STDLIB_H=1 -DHAVE_STRING_H=1 -DHAVE_MEMORY_H=1 -DHAVE_STRINGS_H=1 -DHAVE_INTTYPES_H=1 -DHAVE_STDINT_H=1 -DHAVE_UNISTD_H=1 -DSIZEOF_VOID_P=8 -DSIZEOF_UNSIGNED_INT=4 -DSIZEOF_UNSIGNED_LONG=8 -DSIZEOF_UNSIGNED_LONG_LONG=8 -DSTDC_HEADERS=1 -DHAVE_SETENV=1 -DHAVE_PUTENV=1 -DHAVE_SYS_MMAN_H=1 -DHAVE_DIRENT_H=1 -DHAVE_LIMITS_H=1 -DHAVE_PATHS_H=1 -DHAVE_VA_COPY=1 -DHAVE___VA_COPY=1 -DFILE_LOCKS=1 -DCALMA_MODULE=1 -DCIF_MODULE=1 -DPLOT_MODULE=1 -DLEF_MODULE=1 -DROUTE_MODULE=1 -DMODULAR=1 -DUSE_NEW_MACROS=1 -DHAVE_LIBGL=1 -DHAVE_LIBGLU=1 -DVECTOR_FONTS=1 -DMAGIC_WRAPPER=1 -DTHREE_D=1 -Dlinux=1 -DSYSV=1 -DISC=1  -DNDEBUG -DGCORE=\"/usr/bin/gcore\" -DSHDLIB_EXT=\".so\" -MM CMWmain.c CMWcmmnds.c CMWundo.c CMWrgbhsv.c | \
sed -e "/#/D" -e "/ \//s/ \/.*\.h//" -e "/  \\\/D" \
> Depend
make[2]: Leaving directory `/home/tim/gitsrc/magic-8.0/cmwind'
make[2]: Entering directory `/home/tim/gitsrc/magic-8.0/cmwind'
--- compiling cmwind/CMWmain.o
rm -f CMWmain.o
gcc -g -O2 -m64 -fPIC -Wimplicit-int -fPIC  -I/usr/local/include -I. -I..  -DCAD_DIR=\"/usr/local/lib\" -DBIN_DIR=\"/usr/local/bin\" -DTCL_DIR=\"/usr/local/lib/magic/tcl\" -DPACKAGE_NAME=\"\" -DPACKAGE_TARNAME=\"\" -DPACKAGE_VERSION=\"\" -DPACKAGE_STRING=\"\" -DPACKAGE_BUGREPORT=\"\" -DMAGIC_VERSION=\"8.0\" -DMAGIC_REVISION=\"96\" -DSTDC_HEADERS=1 -DHAVE_SYS_TYPES_H=1 -DHAVE_SYS_STAT_H=1 -DHAVE_STDLIB_H=1 -DHAVE_STRING_H=1 -DHAVE_MEMORY_H=1 -DHAVE_STRINGS_H=1 -DHAVE_INTTYPES_H=1 -DHAVE_STDINT_H=1 -DHAVE_UNISTD_H=1 -DSIZEOF_VOID_P=8 -DSIZEOF_UNSIGNED_INT=4 -DSIZEOF_UNSIGNED_LONG=8 -DSIZEOF_UNSIGNED_LONG_LONG=8 -DSTDC_HEADERS=1 -DHAVE_SETENV=1 -DHAVE_PUTENV=1 -DHAVE_SYS_MMAN_H=1 -DHAVE_DIRENT_H=1 -DHAVE_LIMITS_H=1 -DHAVE_PATHS_H=1 -DHAVE_VA_COPY=1 -DHAVE___VA_COPY=1 -DFILE_LOCKS=1 -DCALMA_MODULE=1 -DCIF_MODULE=1 -DPLOT_MODULE=1 -DLEF_MODULE=1 -DROUTE_MODULE=1 -DMODULAR=1 -DUSE_NEW_MACROS=1 -DHAVE_LIBGL=1 -DHAVE_LIBGLU=1 -DVECTOR_FONTS=1 -DMAGIC_WRAPPER=1 -DTHREE_D=1 -Dlinux=1 -DSYSV=1 -DISC=1  -DNDEBUG -DGCORE=\"/usr/bin/gcore\" -DSHDLIB_EXT=\".so\"  -c CMWmain.c
--- compiling cmwind/CMWcmmnds.o
rm -f CMWcmmnds.o
gcc -g -O2 -m64 -fPIC -Wimplicit-int -fPIC  -I/usr/local/include -I. -I..  -DCAD_DIR=\"/usr/local/lib\" -DBIN_DIR=\"/usr/local/bin\" -DTCL_DIR=\"/usr/local/lib/magic/tcl\" -DPACKAGE_NAME=\"\" -DPACKAGE_TARNAME=\"\" -DPACKAGE_VERSION=\"\" -DPACKAGE_STRING=\"\" -DPACKAGE_BUGREPORT=\"\" -DMAGIC_VERSION=\"8.0\" -DMAGIC_REVISION=\"96\" -DSTDC_HEADERS=1 -DHAVE_SYS_TYPES_H=1 -DHAVE_SYS_STAT_H=1 -DHAVE_STDLIB_H=1 -DHAVE_STRING_H=1 -DHAVE_MEMORY_H=1 -DHAVE_STRINGS_H=1 -DHAVE_INTTYPES_H=1 -DHAVE_STDINT_H=1 -DHAVE_UNISTD_H=1 -DSIZEOF_VOID_P=8 -DSIZEOF_UNSIGNED_INT=4 -DSIZEOF_UNSIGNED_LONG=8 -DSIZEOF_UNSIGNED_LONG_LONG=8 -DSTDC_HEADERS=1 -DHAVE_SETENV=1 -DHAVE_PUTENV=1 -DHAVE_SYS_MMAN_H=1 -DHAVE_DIRENT_H=1 -DHAVE_LIMITS_H=1 -DHAVE_PATHS_H=1 -DHAVE_VA_COPY=1 -DHAVE___VA_COPY=1 -DFILE_LOCKS=1 -DCALMA_MODULE=1 -DCIF_MODULE=1 -DPLOT_MODULE=1 -DLEF_MODULE=1 -DROUTE_MODULE=1 -DMODULAR=1 -DUSE_NEW_MACROS=1 -DHAVE_LIBGL=1 -DHAVE_LIBGLU=1 -DVECTOR_FONTS=1 -DMAGIC_WRAPPER=1 -DTHREE_D=1 -Dlinux=1 -DSYSV=1 -DISC=1  -DNDEBUG -DGCORE=\"/usr/bin/gcore\" -DSHDLIB_EXT=\".so\"  -c CMWcmmnds.c
--- compiling cmwind/CMWundo.o
rm -f CMWundo.o
gcc -g -O2 -m64 -fPIC -Wimplicit-int -fPIC  -I/usr/local/include -I. -I..  -DCAD_DIR=\"/usr/local/lib\" -DBIN_DIR=\"/usr/local/bin\" -DTCL_DIR=\"/usr/local/lib/magic/tcl\" -DPACKAGE_NAME=\"\" -DPACKAGE_TARNAME=\"\" -DPACKAGE_VERSION=\"\" -DPACKAGE_STRING=\"\" -DPACKAGE_BUGREPORT=\"\" -DMAGIC_VERSION=\"8.0\" -DMAGIC_REVISION=\"96\" -DSTDC_HEADERS=1 -DHAVE_SYS_TYPES_H=1 -DHAVE_SYS_STAT_H=1 -DHAVE_STDLIB_H=1 -DHAVE_STRING_H=1 -DHAVE_MEMORY_H=1 -DHAVE_STRINGS_H=1 -DHAVE_INTTYPES_H=1 -DHAVE_STDINT_H=1 -DHAVE_UNISTD_H=1 -DSIZEOF_VOID_P=8 -DSIZEOF_UNSIGNED_INT=4 -DSIZEOF_UNSIGNED_LONG=8 -DSIZEOF_UNSIGNED_LONG_LONG=8 -DSTDC_HEADERS=1 -DHAVE_SETENV=1 -DHAVE_PUTENV=1 -DHAVE_SYS_MMAN_H=1 -DHAVE_DIRENT_H=1 -DHAVE_LIMITS_H=1 -DHAVE_PATHS_H=1 -DHAVE_VA_COPY=1 -DHAVE___VA_COPY=1 -DFILE_LOCKS=1 -DCALMA_MODULE=1 -DCIF_MODULE=1 -DPLOT_MODULE=1 -DLEF_MODULE=1 -DROUTE_MODULE=1 -DMODULAR=1 -DUSE_NEW_MACROS=1 -DHAVE_LIBGL=1 -DHAVE_LIBGLU=1 -DVECTOR_FONTS=1 -DMAGIC_WRAPPER=1 -DTHREE_D=1 -Dlinux=1 -DSYSV=1 -DISC=1  -DNDEBUG -DGCORE=\"/usr/bin/gcore\" -DSHDLIB_EXT=\".so\"  -c CMWundo.c
--- compiling cmwind/CMWrgbhsv.o
rm -f CMWrgbhsv.o
gcc -g -O2 -m64 -fPIC -Wimplicit-int -fPIC  -I/usr/local/include -I. -I..  -DCAD_DIR=\"/usr/local/lib\" -DBIN_DIR=\"/usr/local/bin\" -DTCL_DIR=\"/usr/local/lib/magic/tcl\" -DPACKAGE_NAME=\"\" -DPACKAGE_TARNAME=\"\" -DPACKAGE_VERSION=\"\" -DPACKAGE_STRING=\"\" -DPACKAGE_BUGREPORT=\"\" -DMAGIC_VERSION=\"8.0\" -DMAGIC_REVISION=\"96\" -DSTDC_HEADERS=1 -DHAVE_SYS_TYPES_H=1 -DHAVE_SYS_STAT_H=1 -DHAVE_STDLIB_H=1 -DHAVE_STRING_H=1 -DHAVE_MEMORY_H=1 -DHAVE_STRINGS_H=1 -DHAVE_INTTYPES_H=1 -DHAVE_STDINT_H=1 -DHAVE_UNISTD_H=1 -DSIZEOF_VOID_P=8 -DSIZEOF_UNSIGNED_INT=4 -DSIZEOF_UNSIGNED_LONG=8 -DSIZEOF_UNSIGNED_LONG_LONG=8 -DSTDC_HEADERS=1 -DHAVE_SETENV=1 -DHAVE_PUTENV=1 -DHAVE_SYS_MMAN_H=1 -DHAVE_DIRENT_H=1 -DHAVE_LIMITS_H=1 -DHAVE_PATHS_H=1 -DHAVE_VA_COPY=1 -DHAVE___VA_COPY=1 -DFILE_LOCKS=1 -DCALMA_MODULE=1 -DCIF_MODULE=1 -DPLOT_MODULE=1 -DLEF_MODULE=1 -DROUTE_MODULE=1 -DMODULAR=1 -DUSE_NEW_MACROS=1 -DHAVE_LIBGL=1 -DHAVE_LIBGLU=1 -DVECTOR_FONTS=1 -DMAGIC_WRAPPER=1 -DTHREE_D=1 -Dlinux=1 -DSYSV=1 -DISC=1  -DNDEBUG -DGCORE=\"/usr/bin/gcore\" -DSHDLIB_EXT=\".so\"  -c CMWrgbhsv.c
--- linking libcmwind.o
rm -f libcmwind.o
ld -r CMWmain.o CMWcmmnds.o CMWundo.o CMWrgbhsv.o  -o libcmwind.o 
make[2]: Leaving directory `/home/tim/gitsrc/magic-8.0/cmwind'
make[2]: Entering directory `/home/tim/gitsrc/magic-8.0/commands'
../rules.mak:60: Depend: No such file or directory
gcc -g -O2 -m64 -fPIC -Wimplicit-int -fPIC  -I/usr/local/include -I. -I..  -DCAD_DIR=\"/usr/local/lib\" -DBIN_DIR=\"/usr/local/bin\" -DTCL_DIR=\"/usr/local/lib/magic/tcl\" -DPACKAGE_NAME=\"\" -DPACKAGE_TARNAME=\"\" -DPACKAGE_VERSION=\"\" -DPACKAGE_STRING=\"\" -DPACKAGE_BUGREPORT=\"\" -DMAGIC_VERSION=\"8.0\" -DMAGIC_REVISION=\"96\" -DSTDC_HEADERS=1 -DHAVE_SYS_TYPES_H=1 -DHAVE_SYS_STAT_H=1 -DHAVE_STDLIB_H=1 -DHAVE_STRING_H=1 -DHAVE_MEMORY_H=1 -DHAVE_STRINGS_H=1 -DHAVE_INTTYPES_H=1 -DHAVE_STDINT_H=1 -DHAVE_UNISTD_H=1 -DSIZEOF_VOID_P=8 -DSIZEOF_UNSIGNED_INT=4 -DSIZEOF_UNSIGNED_LONG=8 -DSIZEOF_UNSIGNED_LONG_LONG=8 -DSTDC_HEADERS=1 -DHAVE_SETENV=1 -DHAVE_PUTENV=1 -DHAVE_SYS_MMAN_H=1 -DHAVE_DIRENT_H=1 -DHAVE_LIMITS_H=1 -DHAVE_PATHS_H=1 -DHAVE_VA_COPY=1 -DHAVE___VA_COPY=1 -DFILE_LOCKS=1 -DCALMA_MODULE=1 -DCIF_MODULE=1 -DPLOT_MODULE=1 -DLEF_MODULE=1 -DROUTE_MODULE=1 -DMODULAR=1 -DUSE_NEW_MACROS=1 -DHAVE_LIBGL=1 -DHAVE_LIBGLU=1 -DVECTOR_FONTS=1 -DMAGIC_WRAPPER=1 -DTHREE_D=1 -Dlinux=1 -DSYSV=1 -DISC=1  -DNDEBUG -DGCORE=\"/usr/bin/gcore\" -DSHDLIB_EXT=\".so\" -MM CmdSubrs.c CmdAB.c CmdCD.c CmdE.c CmdFI.c CmdLQ.c CmdRS.c CmdTZ.c CmdWizard.c CmdAuto.c | \
sed -e "/#/D" -e "/ \//s/ \/.*\.h//" -e "/  \\\/D" \
> Depend
make[2]: Leaving directory `/home/tim/gitsrc/magic-8.0/commands'
make[2]: Entering directory `/home/tim/gitsrc/magic-8.0/commands'
--- compiling commands/CmdSubrs.o
rm -f CmdSubrs.o
gcc -g -O2 -m64 -fPIC -Wimplicit-int -fPIC  -I/usr/local/include -I. -I..  -DCAD_DIR=\"/usr/local/lib\" -DBIN_DIR=\"/usr/local/bin\" -DTCL_DIR=\"/usr/local/lib/magic/tcl\" -DPACKAGE_NAME=\"\" -DPACKAGE_TARNAME=\"\" -DPACKAGE_VERSION=\"\" -DPACKAGE_STRING=\"\" -DPACKAGE_BUGREPORT=\"\" -DMAGIC_VERSION=\"8.0\" -DMAGIC_REVISION=\"96\" -DSTDC_HEADERS=1 -DHAVE_SYS_TYPES_H=1 -DHAVE_SYS_STAT_H=1 -DHAVE_STDLIB_H=1 -DHAVE_STRING_H=1 -DHAVE_MEMORY_H=1 -DHAVE_STRINGS_H=1 -DHAVE_INTTYPES_H=1 -DHAVE_STDINT_H=1 -DHAVE_UNISTD_H=1 -DSIZEOF_VOID_P=8 -DSIZEOF_UNSIGNED_INT=4 -DSIZEOF_UNSIGNED_LONG=8 -DSIZEOF_UNSIGNED_LONG_LONG=8 -DSTDC_HEADERS=1 -DHAVE_SETENV=1 -DHAVE_PUTENV=1 -DHAVE_SYS_MMAN_H=1 -DHAVE_DIRENT_H=1 -DHAVE_LIMITS_H=1 -DHAVE_PATHS_H=1 -DHAVE_VA_COPY=1 -DHAVE___VA_COPY=1 -DFILE_LOCKS=1 -DCALMA_MODULE=1 -DCIF_MODULE=1 -DPLOT_MODULE=1 -DLEF_MODULE=1 -DROUTE_MODULE=1 -DMODULAR=1 -DUSE_NEW_MACROS=1 -DHAVE_LIBGL=1 -DHAVE_LIBGLU=1 -DVECTOR_FONTS=1 -DMAGIC_WRAPPER=1 -DTHREE_D=1 -Dlinux=1 -DSYSV=1 -DISC=1  -DNDEBUG -DGCORE=\"/usr/bin/gcore\" -DSHDLIB_EXT=\".so\"  -c CmdSubrs.c
--- compiling commands/CmdAB.o
rm -f CmdAB.o
gcc -g -O2 -m64 -fPIC -Wimplicit-int -fPIC  -I/usr/local/include -I. -I..  -DCAD_DIR=\"/usr/local/lib\" -DBIN_DIR=\"/usr/local/bin\" -DTCL_DIR=\"/usr/local/lib/magic/tcl\" -DPACKAGE_NAME=\"\" -DPACKAGE_TARNAME=\"\" -DPACKAGE_VERSION=\"\" -DPACKAGE_STRING=\"\" -DPACKAGE_BUGREPORT=\"\" -DMAGIC_VERSION=\"8.0\" -DMAGIC_REVISION=\"96\" -DSTDC_HEADERS=1 -DHAVE_SYS_TYPES_H=1 -DHAVE_SYS_STAT_H=1 -DHAVE_STDLIB_H=1 -DHAVE_STRING_H=1 -DHAVE_MEMORY_H=1 -DHAVE_STRINGS_H=1 -DHAVE_INTTYPES_H=1 -DHAVE_STDINT_H=1 -DHAVE_UNISTD_H=1 -DSIZEOF_VOID_P=8 -DSIZEOF_UNSIGNED_INT=4 -DSIZEOF_UNSIGNED_LONG=8 -DSIZEOF_UNSIGNED_LONG_LONG=8 -DSTDC_HEADERS=1 -DHAVE_SETENV=1 -DHAVE_PUTENV=1 -DHAVE_SYS_MMAN_H=1 -DHAVE_DIRENT_H=1 -DHAVE_LIMITS_H=1 -DHAVE_PATHS_H=1 -DHAVE_VA_COPY=1 -DHAVE___VA_COPY=1 -DFILE_LOCKS=1 -DCALMA_MODULE=1 -DCIF_MODULE=1 -DPLOT_MODULE=1 -DLEF_MODULE=1 -DROUTE_MODULE=1 -DMODULAR=1 -DUSE_NEW_MACROS=1 -DHAVE_LIBGL=1 -DHAVE_LIBGLU=1 -DVECTOR_FONTS=1 -DMAGIC_WRAPPER=1 -DTHREE_D=1 -Dlinux=1 -DSYSV=1 -DISC=1  -DNDEBUG -DGCORE=\"/usr/bin/gcore\" -DSHDLIB_EXT=\".so\"  -c CmdAB.c
--- compiling commands/CmdCD.o
rm -f CmdCD.o
gcc -g -O2 -m64 -fPIC -Wimplicit-int -fPIC  -I/usr/local/include -I. -I..  -DCAD_DIR=\"/usr/local/lib\" -DBIN_DIR=\"/usr/local/bin\" -DTCL_DIR=\"/usr/local/lib/magic/tcl\" -DPACKAGE_NAME=\"\" -DPACKAGE_TARNAME=\"\" -DPACKAGE_VERSION=\"\" -DPACKAGE_STRING=\"\" -DPACKAGE_BUGREPORT=\"\" -DMAGIC_VERSION=\"8.0\" -DMAGIC_REVISION=\"96\" -DSTDC_HEADERS=1 -DHAVE_SYS_TYPES_H=1 -DHAVE_SYS_STAT_H=1 -DHAVE_STDLIB_H=1 -DHAVE_STRING_H=1 -DHAVE_MEMORY_H=1 -DHAVE_STRINGS_H=1 -DHAVE_INTTYPES_H=1 -DHAVE_STDINT_H=1 -DHAVE_UNISTD_H=1 -DSIZEOF_VOID_P=8 -DSIZEOF_UNSIGNED_INT=4 -DSIZEOF_UNSIGNED_LONG=8 -DSIZEOF_UNSIGNED_LONG_LONG=8 -DSTDC_HEADERS=1 -DHAVE_SETENV=1 -DHAVE_PUTENV=1 -DHAVE_SYS_MMAN_H=1 -DHAVE_DIRENT_H=1 -DHAVE_LIMITS_H=1 -DHAVE_PATHS_H=1 -DHAVE_VA_COPY=1 -DHAVE___VA_COPY=1 -DFILE_LOCKS=1 -DCALMA_MODULE=1 -DCIF_MODULE=1 -DPLOT_MODULE=1 -DLEF_MODULE=1 -DROUTE_MODULE=1 -DMODULAR=1 -DUSE_NEW_MACROS=1 -DHAVE_LIBGL=1 -DHAVE_LIBGLU=1 -DVECTOR_FONTS=1 -DMAGIC_WRAPPER=1 -DTHREE_D=1 -Dlinux=1 -DSYSV=1 -DISC=1  -DNDEBUG -DGCORE=\"/usr/bin/gcore\" -DSHDLIB_EXT=\".so\"  -c CmdCD.c
--- compiling commands/CmdE.o
rm -f CmdE.o
gcc -g -O2 -m64 -fPIC -Wimplicit-int -fPIC  -I/usr/local/include -I. -I..  -DCAD_DIR=\"/usr/local/lib\" -DBIN_DIR=\"/usr/local/bin\" -DTCL_DIR=\"/usr/local/lib/magic/tcl\" -DPACKAGE_NAME=\"\" -DPACKAGE_TARNAME=\"\" -DPACKAGE_VERSION=\"\" -DPACKAGE_STRING=\"\" -DPACKAGE_BUGREPORT=\"\" -DMAGIC_VERSION=\"8.0\" -DMAGIC_REVISION=\"96\" -DSTDC_HEADERS=1 -DHAVE_SYS_TYPES_H=1 -DHAVE_SYS_STAT_H=1 -DHAVE_STDLIB_H=1 -DHAVE_STRING_H=1 -DHAVE_MEMORY_H=1 -DHAVE_STRINGS_H=1 -DHAVE_INTTYPES_H=1 -DHAVE_STDINT_H=1 -DHAVE_UNISTD_H=1 -DSIZEOF_VOID_P=8 -DSIZEOF_UNSIGNED_INT=4 -DSIZEOF_UNSIGNED_LONG=8 -DSIZEOF_UNSIGNED_LONG_LONG=8 -DSTDC_HEADERS=1 -DHAVE_SETENV=1 -DHAVE_PUTENV=1 -DHAVE_SYS_MMAN_H=1 -DHAVE_DIRENT_H=1 -DHAVE_LIMITS_H=1 -DHAVE_PATHS_H=1 -DHAVE_VA_COPY=1 -DHAVE___VA_COPY=1 -DFILE_LOCKS=1 -DCALMA_MODULE=1 -DCIF_MODULE=1 -DPLOT_MODULE=1 -DLEF_MODULE=1 -DROUTE_MODULE=1 -DMODULAR=1 -DUSE_NEW_MACROS=1 -DHAVE_LIBGL=1 -DHAVE_LIBGLU=1 -DVECTOR_FONTS=1 -DMAGIC_WRAPPER=1 -DTHREE_D=1 -Dlinux=1 -DSYSV=1 -DISC=1  -DNDEBUG -DGCORE=\"/usr/bin/gcore\" -DSHDLIB_EXT=\".so\"  -c CmdE.c
--- compiling commands/CmdFI.o
rm -f CmdFI.o
gcc -g -O2 -m64 -fPIC -Wimplicit-int -fPIC  -I/usr/local/include -I. -I..  -DCAD_DIR=\"/usr/local/lib\" -DBIN_DIR=\"/usr/local/bin\" -DTCL_DIR=\"/usr/local/lib/magic/tcl\" -DPACKAGE_NAME=\"\" -DPACKAGE_TARNAME=\"\" -DPACKAGE_VERSION=\"\" -DPACKAGE_STRING=\"\" -DPACKAGE_BUGREPORT=\"\" -DMAGIC_VERSION=\"8.0\" -DMAGIC_REVISION=\"96\" -DSTDC_HEADERS=1 -DHAVE_SYS_TYPES_H=1 -DHAVE_SYS_STAT_H=1 -DHAVE_STDLIB_H=1 -DHAVE_STRING_H=1 -DHAVE_MEMORY_H=1 -DHAVE_STRINGS_H=1 -DHAVE_INTTYPES_H=1 -DHAVE_STDINT_H=1 -DHAVE_UNISTD_H=1 -DSIZEOF_VOID_P=8 -DSIZEOF_UNSIGNED_INT=4 -DSIZEOF_UNSIGNED_LONG=8 -DSIZEOF_UNSIGNED_LONG_LONG=8 -DSTDC_HEADERS=1 -DHAVE_SETENV=1 -DHAVE_PUTENV=1 -DHAVE_SYS_MMAN_H=1 -DHAVE_DIRENT_H=1 -DHAVE_LIMITS_H=1 -DHAVE_PATHS_H=1 -DHAVE_VA_COPY=1 -DHAVE___VA_COPY=1 -DFILE_LOCKS=1 -DCALMA_MODULE=1 -DCIF_MODULE=1 -DPLOT_MODULE=1 -DLEF_MODULE=1 -DROUTE_MODULE=1 -DMODULAR=1 -DUSE_NEW_MACROS=1 -DHAVE_LIBGL=1 -DHAVE_LIBGLU=1 -DVECTOR_FONTS=1 -DMAGIC_WRAPPER=1 -DTHREE_D=1 -Dlinux=1 -DSYSV=1 -DISC=1  -DNDEBUG -DGCORE=\"/usr/bin/gcore\" -DSHDLIB_EXT=\".so\"  -c CmdFI.c
